# JRE version: 7.0_17-b02
# Java VM: Java HotSpot(TM) Client VM (23.7-b01 mixed mode, sharing windows-x86 )
Heap
 def new generation   total 4992K, used 4948K [0x238d0000, 0x23e30000, 0x28e20000)
  eden space 4480K,  99% used [0x238d0000, 0x23d252e8, 0x23d30000)
  from space 512K, 100% used [0x23db0000, 0x23e30000, 0x23e30000)
  to   space 512K,   0% used [0x23d30000, 0x23d30000, 0x23db0000)
 tenured generation   total 20164K, used 11996K [0x28e20000, 0x2a1d1000, 0x338d0000)
   the space 20164K,  59% used [0x28e20000, 0x299d71b0, 0x299d7200, 0x2a1d1000)
 compacting perm gen  total 12288K, used 6456K [0x338d0000, 0x344d0000, 0x378d0000)
   the space 12288K,  52% used [0x338d0000, 0x33f1e340, 0x33f1e400, 0x344d0000)
    ro space 10240K,  42% used [0x378d0000, 0x37d11d60, 0x37d11e00, 0x382d0000)
    rw space 12288K,  54% used [0x382d0000, 0x38952928, 0x38952a00, 0x38ed0000)
GC Heap History (10 events):
Event: 1.750 GC heap before
{Heap before GC invocations=5 (full 0):
 def new generation   total 4928K, used 4642K [0x238d0000, 0x23e20000, 0x28e20000)
  eden space 4416K,  99% used [0x238d0000, 0x23d1f7c8, 0x23d20000)
  from space 512K,  44% used [0x23da0000, 0x23dd9058, 0x23e20000)
  to   space 512K,   0% used [0x23d20000, 0x23d20000, 0x23da0000)
 tenured generation   total 10944K, used 1920K [0x28e20000, 0x298d0000, 0x338d0000)
   the space 10944K,  17% used [0x28e20000, 0x290001d8, 0x29000200, 0x298d0000)
 compacting perm gen  total 12288K, used 4349K [0x338d0000, 0x344d0000, 0x378d0000)
   the space 12288K,  35% used [0x338d0000, 0x33d0f590, 0x33d0f600, 0x344d0000)
    ro space 10240K,  42% used [0x378d0000, 0x37d11d60, 0x37d11e00, 0x382d0000)
    rw space 12288K,  54% used [0x382d0000, 0x38952928, 0x38952a00, 0x38ed0000)
Event: 1.754 GC heap after
Heap after GC invocations=6 (full 0):
 def new generation   total 4928K, used 512K [0x238d0000, 0x23e20000, 0x28e20000)
  eden space 4416K,   0% used [0x238d0000, 0x238d0000, 0x23d20000)
  from space 512K, 100% used [0x23d20000, 0x23da0000, 0x23da0000)
  to   space 512K,   0% used [0x23da0000, 0x23da0000, 0x23e20000)
 tenured generation   total 10944K, used 1970K [0x28e20000, 0x298d0000, 0x338d0000)
   the space 10944K,  18% used [0x28e20000, 0x2900cab0, 0x2900cc00, 0x298d0000)
 compacting perm gen  total 12288K, used 4349K [0x338d0000, 0x344d0000, 0x378d0000)
   the space 12288K,  35% used [0x338d0000, 0x33d0f590, 0x33d0f600, 0x344d0000)
    ro space 10240K,  42% used [0x378d0000, 0x37d11d60, 0x37d11e00, 0x382d0000)
    rw space 12288K,  54% used [0x382d0000, 0x38952928, 0x38952a00, 0x38ed0000)
}
Event: 1.942 GC heap before
{Heap before GC invocations=6 (full 0):
 def new generation   total 4928K, used 2543K [0x238d0000, 0x23e20000, 0x28e20000)
  eden space 4416K,  46% used [0x238d0000, 0x23acbef8, 0x23d20000)
  from space 512K, 100% used [0x23d20000, 0x23da0000, 0x23da0000)
  to   space 512K,   0% used [0x23da0000, 0x23da0000, 0x23e20000)
 tenured generation   total 10944K, used 1970K [0x28e20000, 0x298d0000, 0x338d0000)
   the space 10944K,  18% used [0x28e20000, 0x2900cab0, 0x2900cc00, 0x298d0000)
 compacting perm gen  total 12288K, used 5314K [0x338d0000, 0x344d0000, 0x378d0000)
   the space 12288K,  43% used [0x338d0000, 0x33e008a8, 0x33e00a00, 0x344d0000)
    ro space 10240K,  42% used [0x378d0000, 0x37d11d60, 0x37d11e00, 0x382d0000)
    rw space 12288K,  54% used [0x382d0000, 0x38952928, 0x38952a00, 0x38ed0000)
Event: 1.980 GC heap after
Heap after GC invocations=7 (full 1):
 def new generation   total 4992K, used 0K [0x238d0000, 0x23e30000, 0x28e20000)
  eden space 4480K,   0% used [0x238d0000, 0x238d0000, 0x23d30000)
  from space 512K,   0% used [0x23d30000, 0x23d30000, 0x23db0000)
  to   space 512K,   0% used [0x23db0000, 0x23db0000, 0x23e30000)
 tenured generation   total 10944K, used 2713K [0x28e20000, 0x298d0000, 0x338d0000)
   the space 10944K,  24% used [0x28e20000, 0x290c66b8, 0x290c6800, 0x298d0000)
 compacting perm gen  total 12288K, used 5314K [0x338d0000, 0x344d0000, 0x378d0000)
   the space 12288K,  43% used [0x338d0000, 0x33e008a8, 0x33e00a00, 0x344d0000)
    ro space 10240K,  42% used [0x378d0000, 0x37d11d60, 0x37d11e00, 0x382d0000)
    rw space 12288K,  54% used [0x382d0000, 0x38952928, 0x38952a00, 0x38ed0000)
}
Event: 2.056 GC heap before
{Heap before GC invocations=7 (full 1):
 def new generation   total 4992K, used 4478K [0x238d0000, 0x23e30000, 0x28e20000)
  eden space 4480K,  99% used [0x238d0000, 0x23d2f880, 0x23d30000)
  from space 512K,   0% used [0x23d30000, 0x23d30000, 0x23db0000)
  to   space 512K,   0% used [0x23db0000, 0x23db0000, 0x23e30000)
 tenured generation   total 20164K, used 11929K [0x28e20000, 0x2a1d1000, 0x338d0000)
   the space 20164K,  59% used [0x28e20000, 0x299c66c8, 0x299c6800, 0x2a1d1000)
 compacting perm gen  total 12288K, used 5322K [0x338d0000, 0x344d0000, 0x378d0000)
   the space 12288K,  43% used [0x338d0000, 0x33e02a38, 0x33e02c00, 0x344d0000)
    ro space 10240K,  42% used [0x378d0000, 0x37d11d60, 0x37d11e00, 0x382d0000)
    rw space 12288K,  54% used [0x382d0000, 0x38952928, 0x38952a00, 0x38ed0000)
Event: 2.057 GC heap after
Heap after GC invocations=8 (full 1):
 def new generation   total 4992K, used 6K [0x238d0000, 0x23e30000, 0x28e20000)
  eden space 4480K,   0% used [0x238d0000, 0x238d0000, 0x23d30000)
  from space 512K,   1% used [0x23db0000, 0x23db1b38, 0x23e30000)
  to   space 512K,   0% used [0x23d30000, 0x23d30000, 0x23db0000)
 tenured generation   total 20164K, used 11929K [0x28e20000, 0x2a1d1000, 0x338d0000)
   the space 20164K,  59% used [0x28e20000, 0x299c66c8, 0x299c6800, 0x2a1d1000)
 compacting perm gen  total 12288K, used 5322K [0x338d0000, 0x344d0000, 0x378d0000)
   the space 12288K,  43% used [0x338d0000, 0x33e02a38, 0x33e02c00, 0x344d0000)
    ro space 10240K,  42% used [0x378d0000, 0x37d11d60, 0x37d11e00, 0x382d0000)
    rw space 12288K,  54% used [0x382d0000, 0x38952928, 0x38952a00, 0x38ed0000)
}
Event: 2.116 GC heap before
{Heap before GC invocations=8 (full 1):
 def new generation   total 4992K, used 4480K [0x238d0000, 0x23e30000, 0x28e20000)
  eden space 4480K,  99% used [0x238d0000, 0x23d2e890, 0x23d30000)
  from space 512K,   1% used [0x23db0000, 0x23db1b38, 0x23e30000)
  to   space 512K,   0% used [0x23d30000, 0x23d30000, 0x23db0000)
 tenured generation   total 20164K, used 11929K [0x28e20000, 0x2a1d1000, 0x338d0000)
   the space 20164K,  59% used [0x28e20000, 0x299c66c8, 0x299c6800, 0x2a1d1000)
 compacting perm gen  total 12288K, used 5322K [0x338d0000, 0x344d0000, 0x378d0000)
   the space 12288K,  43% used [0x338d0000, 0x33e02a48, 0x33e02c00, 0x344d0000)
    ro space 10240K,  42% used [0x378d0000, 0x37d11d60, 0x37d11e00, 0x382d0000)
    rw space 12288K,  54% used [0x382d0000, 0x38952928, 0x38952a00, 0x38ed0000)
Event: 2.117 GC heap after
Heap after GC invocations=9 (full 1):
 def new generation   total 4992K, used 6K [0x238d0000, 0x23e30000, 0x28e20000)
  eden space 4480K,   0% used [0x238d0000, 0x238d0000, 0x23d30000)
  from space 512K,   1% used [0x23d30000, 0x23d31b38, 0x23db0000)
  to   space 512K,   0% used [0x23db0000, 0x23db0000, 0x23e30000)
 tenured generation   total 20164K, used 11929K [0x28e20000, 0x2a1d1000, 0x338d0000)
   the space 20164K,  59% used [0x28e20000, 0x299c66c8, 0x299c6800, 0x2a1d1000)
 compacting perm gen  total 12288K, used 5322K [0x338d0000, 0x344d0000, 0x378d0000)
   the space 12288K,  43% used [0x338d0000, 0x33e02a48, 0x33e02c00, 0x344d0000)
    ro space 10240K,  42% used [0x378d0000, 0x37d11d60, 0x37d11e00, 0x382d0000)
    rw space 12288K,  54% used [0x382d0000, 0x38952928, 0x38952a00, 0x38ed0000)
}
Event: 2.812 GC heap before
{Heap before GC invocations=9 (full 1):
 def new generation   total 4992K, used 4486K [0x238d0000, 0x23e30000, 0x28e20000)
  eden space 4480K, 100% used [0x238d0000, 0x23d30000, 0x23d30000)
  from space 512K,   1% used [0x23d30000, 0x23d31b38, 0x23db0000)
  to   space 512K,   0% used [0x23db0000, 0x23db0000, 0x23e30000)
 tenured generation   total 20164K, used 11929K [0x28e20000, 0x2a1d1000, 0x338d0000)
   the space 20164K,  59% used [0x28e20000, 0x299c66c8, 0x299c6800, 0x2a1d1000)
 compacting perm gen  total 12288K, used 6441K [0x338d0000, 0x344d0000, 0x378d0000)
   the space 12288K,  52% used [0x338d0000, 0x33f1a6a0, 0x33f1a800, 0x344d0000)
    ro space 10240K,  42% used [0x378d0000, 0x37d11d60, 0x37d11e00, 0x382d0000)
    rw space 12288K,  54% used [0x382d0000, 0x38952928, 0x38952a00, 0x38ed0000)
Event: 2.815 GC heap after
Heap after GC invocations=10 (full 1):
 def new generation   total 4992K, used 512K [0x238d0000, 0x23e30000, 0x28e20000)
  eden space 4480K,   0% used [0x238d0000, 0x238d0000, 0x23d30000)
  from space 512K, 100% used [0x23db0000, 0x23e30000, 0x23e30000)
  to   space 512K,   0% used [0x23d30000, 0x23d30000, 0x23db0000)
 tenured generation   total 20164K, used 11996K [0x28e20000, 0x2a1d1000, 0x338d0000)
   the space 20164K,  59% used [0x28e20000, 0x299d71b0, 0x299d7200, 0x2a1d1000)
 compacting perm gen  total 12288K, used 6441K [0x338d0000, 0x344d0000, 0x378d0000)
   the space 12288K,  52% used [0x338d0000, 0x33f1a6a0, 0x33f1a800, 0x344d0000)
    ro space 10240K,  42% used [0x378d0000, 0x37d11d60, 0x37d11e00, 0x382d0000)
    rw space 12288K,  54% used [0x382d0000, 0x38952928, 0x38952a00, 0x38ed0000)
}

